2024-01-01 10:49:08,168 - ERROR - Error in /media/peace/LaCie/samillm/data/a_scraped_raw_data/freecorpus/sme/bull_jubileumsbok.pdf: cannot open broken document
2024-01-01 10:49:08,169 - ERROR - Error in /media/peace/LaCie/samillm/data/a_scraped_raw_data/freecorpus/sme/guttorm_jubileumsbok.pdf: cannot open broken document
2024-01-01 10:49:08,170 - ERROR - Error in /media/peace/LaCie/samillm/data/a_scraped_raw_data/freecorpus/sme/henriksen_jubileumsbok.pdf: cannot open broken document
2024-01-01 10:49:08,170 - ERROR - Error in /media/peace/LaCie/samillm/data/a_scraped_raw_data/freecorpus/sme/hirvonen_jubileumsbok.pdf: cannot open broken document
2024-01-01 10:49:08,171 - ERROR - Error in /media/peace/LaCie/samillm/data/a_scraped_raw_data/freecorpus/sme/hoem_jubileumsbok.pdf: cannot open broken document
2024-01-01 10:49:08,364 - ERROR - Error in /media/peace/LaCie/samillm/data/a_scraped_raw_data/freecorpus/sme/kemi_jubileumsbok.pdf: cannot open broken document
2024-01-01 10:49:08,365 - ERROR - Error in /media/peace/LaCie/samillm/data/a_scraped_raw_data/freecorpus/sme/keskitalo_jubileumsbok.pdf: cannot open broken document
2024-01-01 10:49:08,365 - ERROR - Error in /media/peace/LaCie/samillm/data/a_scraped_raw_data/freecorpus/sme/moring_markelin_jubileumsbok.pdf: cannot open broken document
2024-01-01 10:49:08,365 - ERROR - Error in /media/peace/LaCie/samillm/data/a_scraped_raw_data/freecorpus/sme/nystad_jubileumsbok.pdf: cannot open broken document
2024-01-01 10:49:08,366 - ERROR - Error in /media/peace/LaCie/samillm/data/a_scraped_raw_data/freecorpus/sme/oh_magga_jubileumsbok.pdf: cannot open broken document
2024-01-01 10:49:08,366 - ERROR - Error in /media/peace/LaCie/samillm/data/a_scraped_raw_data/freecorpus/sme/ottosen_jubileumsbok.pdf: cannot open broken document
2024-01-01 10:49:08,376 - ERROR - Error in /media/peace/LaCie/samillm/data/a_scraped_raw_data/freecorpus/sme/ovdasanit_jubileumsbok.pdf: cannot open broken document
2024-01-01 10:49:08,377 - ERROR - Error in /media/peace/LaCie/samillm/data/a_scraped_raw_data/freecorpus/sme/ozerk_jubileumsbok.pdf: cannot open broken document
2024-01-01 10:49:08,379 - ERROR - Error in /media/peace/LaCie/samillm/data/a_scraped_raw_data/freecorpus/sme/pedersen_jubileumsbok.pdf: cannot open broken document
2024-01-01 10:49:08,381 - ERROR - Error in /media/peace/LaCie/samillm/data/a_scraped_raw_data/freecorpus/sme/riseth_jubileumsbok.pdf: cannot open broken document
2024-01-01 10:49:08,383 - ERROR - Error in /media/peace/LaCie/samillm/data/a_scraped_raw_data/freecorpus/sme/t_magga_jubileumsbok.pdf: cannot open broken document
2024-01-01 10:49:08,385 - ERROR - Error in /media/peace/LaCie/samillm/data/a_scraped_raw_data/freecorpus/sme/utsi_jubileumsbok.pdf: cannot open broken document
2024-01-01 10:49:16,985 - ERROR - Error in /media/peace/LaCie/samillm/data/a_scraped_raw_data/freecorpus/sme/sami_girkoeallima_strategalas_plana.pdf: cannot open broken document
2024-01-01 10:51:05,257 - ERROR - Error in /media/peace/LaCie/samillm/data/a_scraped_raw_data/freecorpus/sme/2018_1_keranen.pdf: cannot open broken document
2024-01-01 10:51:05,258 - ERROR - Error in /media/peace/LaCie/samillm/data/a_scraped_raw_data/freecorpus/sme/2018_1_mustonen.pdf: cannot open broken document
2024-01-01 10:51:05,258 - ERROR - Error in /media/peace/LaCie/samillm/data/a_scraped_raw_data/freecorpus/sme/2018_1_ovdasanit.pdf: cannot open broken document
2024-01-01 10:51:05,259 - ERROR - Error in /media/peace/LaCie/samillm/data/a_scraped_raw_data/freecorpus/sme/2018_1_rasmussen.pdf: cannot open broken document
2024-01-01 10:51:18,881 - ERROR - Error in /media/peace/LaCie/samillm/data/a_scraped_raw_data/freecorpus/sme/mikkel_sara_sme.pdf: cannot open broken document
2024-01-01 10:51:22,809 - ERROR - Error in /media/peace/LaCie/samillm/data/a_scraped_raw_data/freecorpus/sme/torkel_rasmussen_sme.pdf: cannot open broken document
2024-01-01 10:51:26,563 - ERROR - Error in /media/peace/LaCie/samillm/data/a_scraped_raw_data/freecorpus/smj/mineralstrategi_for_nord_norge_smj.pdf: cannot open broken document
2024-01-01 10:51:27,324 - ERROR - Error in /media/peace/LaCie/samillm/data/a_scraped_raw_data/freecorpus/smj/europarade_guoradallam_delto.pdf: cannot open broken document
2024-01-01 10:51:36,921 - ERROR - Error in /media/peace/LaCie/samillm/data/a_scraped_raw_data/freecorpus/sma/mineralstrategi_for_nord_norge_sma.pdf: cannot open broken document
2024-01-01 10:51:59,526 - ERROR - Error in /media/peace/LaCie/samillm/data/a_scraped_raw_data/freecorpus/sma/e_fjellheim_iktedimmie.pdf: cannot open broken document
2024-01-01 10:51:59,853 - ERROR - Error in /media/peace/LaCie/samillm/data/a_scraped_raw_data/freecorpus/sma/lk_joma_abstrakt.pdf: cannot open broken document
2024-01-01 10:52:08,131 - ERROR - Error in /media/peace/LaCie/samillm/data/a_scraped_raw_data/freecorpus/smn/2018_1_ovdasanit.pdf: cannot open broken document
2024-01-01 10:52:08,134 - ERROR - Error in /media/peace/LaCie/samillm/data/a_scraped_raw_data/freecorpus/smn/2018_1_pasanen.pdf: cannot open broken document
2024-01-01 10:52:22,454 - ERROR - Error in /media/peace/LaCie/samillm/data/a_scraped_raw_data/freecorpus/eng/kari_marlene_mulder_eng.pdf: cannot open broken document
2024-01-01 10:52:22,455 - ERROR - Error in /media/peace/LaCie/samillm/data/a_scraped_raw_data/freecorpus/eng/paulette_van_der_voet_eng.pdf: cannot open broken document
2024-01-01 10:52:22,698 - ERROR - Error in /media/peace/LaCie/samillm/data/a_scraped_raw_data/freecorpus/eng/inger_dagsvold_eng.pdf: cannot open broken document
2024-01-01 10:52:43,298 - ERROR - Error in /media/peace/LaCie/samillm/data/a_scraped_raw_data/freecorpus/nob/nsr_valgmagasin_trykkfil_2017_sme.pdf: cannot open broken document
2024-01-01 10:52:43,299 - ERROR - Error in /media/peace/LaCie/samillm/data/a_scraped_raw_data/freecorpus/nob/nsr_valgmagasin_trykkfil_2017_smj.pdf: cannot open broken document
2024-01-01 10:54:42,555 - ERROR - Error in /media/peace/LaCie/samillm/data/a_scraped_raw_data/freecorpus/nob/183_1_nobsma.pdf: cannot open broken document
2024-01-01 10:55:11,463 - ERROR - Error in /media/peace/LaCie/samillm/data/a_scraped_raw_data/freecorpus/nob/kari_marlene_mulder_nob.pdf: cannot open broken document
2024-01-01 10:55:11,942 - ERROR - Error in /media/peace/LaCie/samillm/data/a_scraped_raw_data/freecorpus/nob/paulette_van_der_voet_nob.pdf: cannot open broken document
2024-01-01 10:55:12,165 - ERROR - Error in /media/peace/LaCie/samillm/data/a_scraped_raw_data/freecorpus/nob/inger_dagsvold_nob.pdf: cannot open broken document
2024-01-01 10:55:12,166 - ERROR - Error in /media/peace/LaCie/samillm/data/a_scraped_raw_data/freecorpus/nob/jill_marit_moholt_nob.pdf: cannot open broken document
